2025-07-11 13:52:17 | 🚀 CORE SYSTEM INITIALIZED
2025-07-11 13:52:22 | Ran doctor module
2025-07-11 13:52:25 | Ran doctor module
2025-07-11 13:52:30 | Exiting system
2025-07-11 13:52:35 | 🚀 CORE SYSTEM INITIALIZED
2025-07-11 13:52:37 | Wallet module missing
2025-07-11 13:52:40 | Simulator module missing
2025-07-11 13:52:42 | Exiting system
2025-07-11 14:00:26 | 🚀 CORE SYSTEM INITIALIZED
2025-07-11 14:02:49 | 🚀 CORE SYSTEM INITIALIZED
2025-07-11 14:02:51 | Ran doctor module
2025-07-11 14:02:53 | Wallet module missing
2025-07-11 14:02:55 | Simulator module missing
2025-07-11 14:02:57 | Exiting system
2025-07-11 14:10:40 | 🚀 CORE SYSTEM INITIALIZED
2025-07-11 14:10:42 | Ran doctor module
2025-07-11 14:10:47 | Wallet module missing
2025-07-11 14:10:49 | Simulator module missing
2025-07-11 14:10:52 | Exiting system
2025-07-11 14:12:02 | 🚀 CORE SYSTEM INITIALIZED
2025-07-11 14:12:09 | 🚀 CORE SYSTEM INITIALIZED
2025-07-11 14:12:10 | Ran doctor module
2025-07-11 14:13:31 | 🚀 CORE SYSTEM INITIALIZED
2025-07-11 14:13:38 | 🚀 CORE SYSTEM INITIALIZED
2025-07-11 14:13:39 | Ran doctor module
2025-07-11 14:13:41 | Simulator module missing
2025-07-11 14:14:39 | 🚀 CORE SYSTEM INITIALIZED
2025-07-11 14:14:46 | Viewed wallet
2025-07-11 14:14:49 | Simulator module missing
2025-07-11 14:14:52 | Exiting system
2025-07-11 14:15:49 | 🚀 CORE SYSTEM INITIALIZED
2025-07-11 14:17:34 | 🚀 CORE SYSTEM INITIALIZED
2025-07-11 14:19:22 | 🚀 CORE SYSTEM INITIALIZED
2025-07-11 14:19:32 | Viewed wallet
2025-07-11 14:19:35 | Exiting system
2025-07-11 14:21:10 | 🚀 CORE SYSTEM INITIALIZED
2025-07-11 14:24:16 | CORE SYSTEM INITIALIZED
2025-07-11 14:28:49 | Edited wallet
2025-07-11 14:28:52 | Exiting system
2025-07-11 14:28:54 | CORE SYSTEM INITIALIZED
2025-07-11 14:29:26 | CORE SYSTEM INITIALIZED
2025-07-11 14:29:50 | CORE SYSTEM INITIALIZED
2025-07-11 14:31:41 | CORE SYSTEM INITIALIZED
2025-07-11 14:32:32 | Edited wallet
2025-07-11 14:32:41 | Viewed wallet
2025-07-11 14:33:55 | CORE SYSTEM INITIALIZED
2025-07-11 14:34:30 | Edited wallet
2025-07-11 14:34:39 | Viewed wallet
2025-07-12 21:07:34 | CORE SYSTEM INITIALIZED
2025-07-12 21:07:43 | Viewed wallet
2025-07-12 21:08:47 | CORE SYSTEM INITIALIZED
2025-07-12 21:08:52 | Ran doctor module
2025-07-12 21:17:24 | CORE SYSTEM INITIALIZED
2025-07-12 21:17:40 | Viewed wallet
2025-07-12 21:19:33 | CORE SYSTEM INITIALIZED
2025-07-12 21:19:41 | CORE SYSTEM INITIALIZED
2025-07-12 21:20:59 | Exiting system
2025-07-12 21:21:01 | CORE SYSTEM INITIALIZED
2025-07-12 21:21:11 | CORE SYSTEM INITIALIZED
2025-07-12 21:21:19 | Ran doctor module
2025-07-12 21:21:23 | Exiting system
2025-07-12 21:24:03 | CORE SYSTEM INITIALIZED
2025-07-12 21:24:14 | Viewed portfolio summary
2025-07-12 21:43:29 | CORE SYSTEM INITIALIZED
2025-07-12 21:43:44 | Exiting system
2025-07-12 21:43:52 | CORE SYSTEM INITIALIZED
2025-07-12 21:47:08 | CORE SYSTEM INITIALIZED
2025-07-13 23:08:29 | CORE SYSTEM INITIALIZED
2025-07-13 23:09:27 | CORE SYSTEM INITIALIZED
2025-07-13 23:25:08 | CORE SYSTEM INITIALIZED
